#
# A fatal error has been detected by the Java Runtime Environment:
#
#  Internal Error (javaCalls.cpp:51), pid=19840, tid=0x00000000000059e0
#  guarantee(thread->is_Java_thread()) failed: crucial check - the VM thread cannot and must not escape to Java code
#
# JRE version: Java(TM) SE Runtime Environment (8.0_211-b12) (build 1.8.0_211-b12)
# Java VM: Java HotSpot(TM) 64-Bit Server VM (25.211-b12 mixed mode windows-amd64 compressed oops)
# Failed to write core dump. Minidumps are not enabled by default on client versions of Windows
#
# If you would like to submit a bug report, please visit:
#   http://bugreport.java.com/bugreport/crash.jsp
#

---------------  T H R E A D  ---------------

Current thread (0x000000001c746800):  VMThread [stack: 0x000000001eea0000,0x000000001efa0000] [id=23008]

Stack: [0x000000001eea0000,0x000000001efa0000]
[error occurred during error reporting (printing stack bounds), id 0xc0000005]

Native frames: (J=compiled Java code, j=interpreted, Vv=VM code, C=native code)

VM_Operation (0x000000001f8df350): GetOrSetLocal, mode: safepoint, requested by thread 0x000000001de4e000


---------------  P R O C E S S  ---------------

Java Threads: ( => current thread )
  0x000000001def5000 JavaThread "Service Thread" daemon [_thread_blocked, id=17272, stack(0x000000001fee0000,0x000000001ffe0000)]
  0x000000001de72000 JavaThread "C1 CompilerThread3" daemon [_thread_blocked, id=13896, stack(0x000000001fde0000,0x000000001fee0000)]
  0x000000001de71000 JavaThread "C2 CompilerThread2" daemon [_thread_blocked, id=1976, stack(0x000000001fce0000,0x000000001fde0000)]
  0x000000001de6e800 JavaThread "C2 CompilerThread1" daemon [_thread_blocked, id=15660, stack(0x000000001fbe0000,0x000000001fce0000)]
  0x000000001de6b800 JavaThread "C2 CompilerThread0" daemon [_thread_blocked, id=26932, stack(0x000000001fae0000,0x000000001fbe0000)]
  0x000000001de60000 JavaThread "JDWP Command Reader" daemon [_thread_in_native, id=23248, stack(0x000000001f9e0000,0x000000001fae0000)]
  0x000000001de59000 JavaThread "JDWP Event Helper Thread" daemon [_thread_blocked, id=33152, stack(0x000000001f8e0000,0x000000001f9e0000)]
  0x000000001de4e000 JavaThread "JDWP Transport Listener: dt_socket" daemon [_thread_blocked, id=31256, stack(0x000000001f7e0000,0x000000001f8e0000)]
  0x000000001de42000 JavaThread "Attach Listener" daemon [_thread_blocked, id=12296, stack(0x000000001f3a0000,0x000000001f4a0000)]
  0x000000001de41000 JavaThread "Signal Dispatcher" daemon [_thread_blocked, id=10648, stack(0x000000001f2a0000,0x000000001f3a0000)]
  0x000000001de33000 JavaThread "Finalizer" daemon [_thread_blocked, id=22408, stack(0x000000001f0a0000,0x000000001f1a0000)]
  0x000000001c74d000 JavaThread "Reference Handler" daemon [_thread_blocked, id=10224, stack(0x000000001efa0000,0x000000001f0a0000)]
  0x00000000028ae800 JavaThread "main" [_thread_blocked, id=27664, stack(0x0000000002a00000,0x0000000002b00000)]

Other Threads:
=>0x000000001c746800 VMThread [stack: 0x000000001eea0000,0x000000001efa0000] [id=23008]
  0x000000001df1e000 WatcherThread [stack: 0x000000001ffe0000,0x00000000200e0000] [id=8632]

VM state:at safepoint (normal execution)

VM Mutex/Monitor currently owned by a thread:  ([mutex/lock_event])
[0x0000000002b002d0] Threads_lock - owner thread: 0x000000001c746800

heap address: 0x00000006c3200000, size: 4046 MB, Compressed Oops mode: Zero based, Oop shift amount: 3
Narrow klass base: 0x0000000000000000, Narrow klass shift: 3
Compressed class space size: 1073741824 Address: 0x00000007c0000000

Heap:
 PSYoungGen      total 75776K, used 3901K [0x000000076bb80000, 0x0000000771000000, 0x00000007c0000000)
  eden space 65024K, 6% used [0x000000076bb80000,0x000000076bf4f6d8,0x000000076fb00000)
  from space 10752K, 0% used [0x0000000770580000,0x0000000770580000,0x0000000771000000)
  to   space 10752K, 0% used [0x000000076fb00000,0x000000076fb00000,0x0000000770580000)
 ParOldGen       total 173568K, used 0K [0x00000006c3200000, 0x00000006cdb80000, 0x000000076bb80000)
  object space 173568K, 0% used [0x00000006c3200000,0x00000006c3200000,0x00000006cdb80000)
 Metaspace       used 2640K, capacity 4564K, committed 4864K, reserved 1056768K
  class space    used 290K, capacity 388K, committed 512K, reserved 1048576K

Card table byte_map: [0x0000000011fc0000,0x00000000127b0000] byte_map_base: 0x000000000e9a7000

Marking Bits: (ParMarkBitMap*) 0x0000000050b45ce0
 Begin Bits: [0x0000000013700000, 0x0000000017638000)
 End Bits:   [0x0000000017638000, 0x000000001b570000)

Polling page: 0x00000000007e0000

CodeCache: size=245760Kb used=1110Kb max_used=1110Kb free=244649Kb
 bounds [0x0000000002c00000, 0x0000000002e70000, 0x0000000011c00000]
 total_blobs=254 nmethods=31 adapters=145
 compilation: enabled

Compilation events (10 events):
Event: 0.137 Thread 0x000000001de72000   27       1       java.nio.Buffer::position (5 bytes)
Event: 0.138 Thread 0x000000001de72000 nmethod 27 0x0000000002d12b90 code [0x0000000002d12ce0, 0x0000000002d12df0]
Event: 0.138 Thread 0x000000001de72000   28       1       java.net.URL::getProtocol (5 bytes)
Event: 0.138 Thread 0x000000001de72000 nmethod 28 0x0000000002d128d0 code [0x0000000002d12a20, 0x0000000002d12b30]
Event: 0.138 Thread 0x000000001de72000   29       1       java.nio.Buffer::limit (5 bytes)
Event: 0.138 Thread 0x000000001de72000 nmethod 29 0x0000000002d12610 code [0x0000000002d12760, 0x0000000002d12870]
Event: 0.138 Thread 0x000000001de72000   30       3       java.lang.String::startsWith (72 bytes)
Event: 0.138 Thread 0x000000001de72000 nmethod 30 0x0000000002d15450 code [0x0000000002d155c0, 0x0000000002d158f0]
Event: 0.138 Thread 0x000000001de72000   31       3       java.lang.AbstractStringBuilder::<init> (12 bytes)
Event: 0.138 Thread 0x000000001de72000 nmethod 31 0x0000000002d15ad0 code [0x0000000002d15c40, 0x0000000002d15e90]

GC Heap History (0 events):
No events

Deoptimization events (0 events):
No events

Classes redefined (3 events):
Event: 216.384 Thread 0x000000001c746800 redefined class name=com.sort.QuickSort, count=1
Event: 232.544 Thread 0x000000001c746800 redefined class name=com.sort.QuickSort, count=2
Event: 311.227 Thread 0x000000001c746800 redefined class name=com.sort.QuickSort, count=3

Internal exceptions (2 events):
Event: 0.031 Thread 0x00000000028ae800 Exception <a 'java/lang/NoSuchMethodError': Method sun.misc.Unsafe.defineClass(Ljava/lang/String;[BII)Ljava/lang/Class; name or signature does not match> (0x000000076bb87cb0) thrown at [C:\re\workspace\8-2-build-windows-amd64-cygwin\jdk8u211\12973\hotspot
Event: 0.031 Thread 0x00000000028ae800 Exception <a 'java/lang/NoSuchMethodError': Method sun.misc.Unsafe.prefetchRead(Ljava/lang/Object;J)V name or signature does not match> (0x000000076bb87f98) thrown at [C:\re\workspace\8-2-build-windows-amd64-cygwin\jdk8u211\12973\hotspot\src\share\vm\prim

Events (10 events):
Event: 311.247 Executing VM operation: ChangeBreakpoints done
Event: 311.252 Executing VM operation: ChangeBreakpoints
Event: 311.252 Executing VM operation: ChangeBreakpoints done
Event: 311.255 Executing VM operation: EnterInterpOnlyMode
Event: 311.255 Executing VM operation: EnterInterpOnlyMode done
Event: 311.255 Executing VM operation: GetCurrentLocation
Event: 311.255 Executing VM operation: GetCurrentLocation done
Event: 311.255 Executing VM operation: ChangeSingleStep
Event: 311.255 Executing VM operation: ChangeSingleStep done
Event: 311.256 Executing VM operation: GetOrSetLocal


Dynamic libraries:
0x00007ff739ce0000 - 0x00007ff739d17000 	C:\Program Files\Java\jre1.8.0_211\bin\javaw.exe
0x00007ffdb9140000 - 0x00007ffdb9330000 	C:\WINDOWS\SYSTEM32\ntdll.dll
0x00007ffdb7f40000 - 0x00007ffdb7ff2000 	C:\WINDOWS\System32\KERNEL32.DLL
0x00007ffdb6280000 - 0x00007ffdb6523000 	C:\WINDOWS\System32\KERNELBASE.dll
0x00007ffdb8a00000 - 0x00007ffdb8aa3000 	C:\WINDOWS\System32\ADVAPI32.dll
0x00007ffdb8000000 - 0x00007ffdb809e000 	C:\WINDOWS\System32\msvcrt.dll
0x00007ffdb9060000 - 0x00007ffdb90f7000 	C:\WINDOWS\System32\sechost.dll
0x00007ffdb7830000 - 0x00007ffdb7950000 	C:\WINDOWS\System32\RPCRT4.dll
0x00007ffdb80a0000 - 0x00007ffdb8234000 	C:\WINDOWS\System32\USER32.dll
0x00007ffdb6d50000 - 0x00007ffdb6d71000 	C:\WINDOWS\System32\win32u.dll
0x00007ffdb8bb0000 - 0x00007ffdb8bd6000 	C:\WINDOWS\System32\GDI32.dll
0x00007ffdb6f30000 - 0x00007ffdb70c4000 	C:\WINDOWS\System32\gdi32full.dll
0x00007ffdb6cb0000 - 0x00007ffdb6d4e000 	C:\WINDOWS\System32\msvcp_win.dll
0x00007ffdb6100000 - 0x00007ffdb61fa000 	C:\WINDOWS\System32\ucrtbase.dll
0x00007ffda3460000 - 0x00007ffda36e5000 	C:\WINDOWS\WinSxS\amd64_microsoft.windows.common-controls_6595b64144ccf1df_6.0.18362.592_none_e6c0b1911312be02\COMCTL32.dll
0x00007ffdb7210000 - 0x00007ffdb7546000 	C:\WINDOWS\System32\combase.dll
0x00007ffdb6200000 - 0x00007ffdb6280000 	C:\WINDOWS\System32\bcryptPrimitives.dll
0x00007ffdb8ab0000 - 0x00007ffdb8ade000 	C:\WINDOWS\System32\IMM32.DLL
0x0000000050160000 - 0x0000000050232000 	C:\Program Files\Java\jre1.8.0_211\bin\msvcr100.dll
0x0000000050320000 - 0x0000000050bc5000 	C:\Program Files\Java\jre1.8.0_211\bin\server\jvm.dll
0x00007ffdb7200000 - 0x00007ffdb7208000 	C:\WINDOWS\System32\PSAPI.DLL
0x00007ffdb0db0000 - 0x00007ffdb0dba000 	C:\WINDOWS\SYSTEM32\VERSION.dll
0x00007ffd9fe50000 - 0x00007ffd9fe59000 	C:\WINDOWS\SYSTEM32\WSOCK32.dll
0x00007ffdb3980000 - 0x00007ffdb39a4000 	C:\WINDOWS\SYSTEM32\WINMM.dll
0x00007ffdb8240000 - 0x00007ffdb82af000 	C:\WINDOWS\System32\WS2_32.dll
0x00007ffdb3500000 - 0x00007ffdb352d000 	C:\WINDOWS\SYSTEM32\WINMMBASE.dll
0x00007ffdb71a0000 - 0x00007ffdb71ea000 	C:\WINDOWS\System32\cfgmgr32.dll
0x00007ffd9d240000 - 0x00007ffd9d24f000 	C:\Program Files\Java\jre1.8.0_211\bin\verify.dll
0x00007ffd98840000 - 0x00007ffd98869000 	C:\Program Files\Java\jre1.8.0_211\bin\java.dll
0x00007ffda8730000 - 0x00007ffda8765000 	C:\Program Files\Java\jre1.8.0_211\bin\jdwp.dll
0x00007ffdb24f0000 - 0x00007ffdb24f8000 	C:\Program Files\Java\jre1.8.0_211\bin\npt.dll
0x00007ffd993b0000 - 0x00007ffd993c6000 	C:\Program Files\Java\jre1.8.0_211\bin\zip.dll
0x00007ffdb8310000 - 0x00007ffdb89f5000 	C:\WINDOWS\System32\SHELL32.dll
0x00007ffdb7950000 - 0x00007ffdb79f9000 	C:\WINDOWS\System32\shcore.dll
0x00007ffdb6530000 - 0x00007ffdb6caf000 	C:\WINDOWS\System32\windows.storage.dll
0x00007ffdb60b0000 - 0x00007ffdb60cf000 	C:\WINDOWS\System32\profapi.dll
0x00007ffdb6020000 - 0x00007ffdb606a000 	C:\WINDOWS\System32\powrprof.dll
0x00007ffdb6010000 - 0x00007ffdb6020000 	C:\WINDOWS\System32\UMPDC.dll
0x00007ffdb8ef0000 - 0x00007ffdb8f42000 	C:\WINDOWS\System32\shlwapi.dll
0x00007ffdb6070000 - 0x00007ffdb6081000 	C:\WINDOWS\System32\kernel.appcore.dll
0x00007ffdb7180000 - 0x00007ffdb7197000 	C:\WINDOWS\System32\cryptsp.dll
0x00007ffdb2470000 - 0x00007ffdb2479000 	C:\Program Files\Java\jre1.8.0_211\bin\dt_socket.dll
0x00007ffd9d930000 - 0x00007ffd9d946000 	C:\WINDOWS\system32\napinsp.dll
0x00007ffd9d910000 - 0x00007ffd9d92a000 	C:\WINDOWS\system32\pnrpnsp.dll
0x00007ffdb5820000 - 0x00007ffdb5887000 	C:\WINDOWS\System32\mswsock.dll
0x00007ffdb5570000 - 0x00007ffdb563a000 	C:\WINDOWS\SYSTEM32\DNSAPI.dll
0x00007ffdb7640000 - 0x00007ffdb7648000 	C:\WINDOWS\System32\NSI.dll
0x00007ffdb5530000 - 0x00007ffdb556a000 	C:\WINDOWS\SYSTEM32\IPHLPAPI.DLL
0x00007ffd9d670000 - 0x00007ffd9d67e000 	C:\WINDOWS\System32\winrnr.dll
0x00007ffdb22e0000 - 0x00007ffdb22fc000 	C:\WINDOWS\system32\NLAapi.dll
0x00007ffd9d630000 - 0x00007ffd9d645000 	C:\WINDOWS\system32\wshbth.dll
0x00007ffdae0f0000 - 0x00007ffdae167000 	C:\WINDOWS\System32\fwpuclnt.dll
0x00007ffdb60d0000 - 0x00007ffdb60f6000 	C:\WINDOWS\System32\bcrypt.dll
0x00007ffda25a0000 - 0x00007ffda25aa000 	C:\Windows\System32\rasadhlp.dll

VM Arguments:
jvm_args: -agentlib:jdwp=transport=dt_socket,suspend=y,address=localhost:57464 -Dfile.encoding=Cp1252 
java_command: com.sort.QuickSort
java_class_path (initial): C:\Program Files\Java\jre1.8.0_211\lib\resources.jar;C:\Program Files\Java\jre1.8.0_211\lib\rt.jar;C:\Program Files\Java\jre1.8.0_211\lib\jsse.jar;C:\Program Files\Java\jre1.8.0_211\lib\jce.jar;C:\Program Files\Java\jre1.8.0_211\lib\charsets.jar;C:\Program Files\Java\jre1.8.0_211\lib\jfr.jar;C:\Program Files\Java\jre1.8.0_211\lib\ext\access-bridge-64.jar;C:\Program Files\Java\jre1.8.0_211\lib\ext\cldrdata.jar;C:\Program Files\Java\jre1.8.0_211\lib\ext\dnsns.jar;C:\Program Files\Java\jre1.8.0_211\lib\ext\jaccess.jar;C:\Program Files\Java\jre1.8.0_211\lib\ext\jfxrt.jar;C:\Program Files\Java\jre1.8.0_211\lib\ext\localedata.jar;C:\Program Files\Java\jre1.8.0_211\lib\ext\nashorn.jar;C:\Program Files\Java\jre1.8.0_211\lib\ext\sunec.jar;C:\Program Files\Java\jre1.8.0_211\lib\ext\sunjce_provider.jar;C:\Program Files\Java\jre1.8.0_211\lib\ext\sunmscapi.jar;C:\Program Files\Java\jre1.8.0_211\lib\ext\sunpkcs11.jar;C:\Program Files\Java\jre1.8.0_211\lib\ext\zipfs.jar;E:\Core Java Practice\Sorting\bin
Launcher Type: SUN_STANDARD

Environment Variables:
JAVA_HOME=C:\Program Files\Java\jdk1.8.0_211
PATH=C:/Program Files/Java/jre1.8.0_211/bin/server;C:/Program Files/Java/jre1.8.0_211/bin;C:/Program Files/Java/jre1.8.0_211/lib/amd64;C:\Program Files (x86)\Microsoft SDKs\Azure\CLI2\wbin;C:\Program Files (x86)\Common Files\Oracle\Java\javapath;C:\Windows\system32;C:\Windows;C:\Windows\System32\Wbem;C:\Windows\System32\WindowsPowerShell\v1.0\;C:\Windows\System32\OpenSSH\;C:\Program Files (x86)\NVIDIA Corporation\PhysX\Common;E:\Softwares\Build Tool\Maven\apache-maven-3.6.0\bin;C:\Program Files\Java\jdk1.8.0_211\bin;C:\Program Files (x86)\Intel\Intel(R) Management Engine Components\DAL;C:\Program Files\Intel\Intel(R) Management Engine Components\DAL;C:\WINDOWS\system32;C:\WINDOWS;C:\WINDOWS\System32\Wbem;C:\WINDOWS\System32\WindowsPowerShell\v1.0\;C:\WINDOWS\System32\OpenSSH\;C:\Program Files\Intel\WiFi\bin\;C:\Program Files\Common Files\Intel\WirelessCommon\;C:\Program Files (x86)\GitExtensions\;C:\Program Files\Git\cmd;C:\Program Files\PuTTY\;C:\Users\Bikash Kumar\AppData\Local\Microsoft\WindowsApps;C:\Users\Bikash Kumar\AppData\Local\GitHubDesktop\bin;E:\Softwares\IDE\Eclipse\eclipse-oxygen;
USERNAME=Bikash Kumar
OS=Windows_NT
PROCESSOR_IDENTIFIER=Intel64 Family 6 Model 158 Stepping 10, GenuineIntel



---------------  S Y S T E M  ---------------

OS: Windows 10.0 , 64 bit Build 18362 (10.0.18362.329)

CPU:total 12 (initial active 12) (6 cores per cpu, 2 threads per core) family 6 model 158 stepping 10, cmov, cx8, fxsr, mmx, sse, sse2, sse3, ssse3, sse4.1, sse4.2, popcnt, avx, avx2, aes, clmul, erms, rtm, 3dnowpref, lzcnt, ht, tsc, tscinvbit, bmi1, bmi2, adx

Memory: 4k page, physical 16564920k(6750844k free), swap 43827896k(23919256k free)

vm_info: Java HotSpot(TM) 64-Bit Server VM (25.211-b12) for windows-amd64 JRE (1.8.0_211-b12), built on Apr  1 2019 20:53:26 by "java_re" with MS VC++ 10.0 (VS2010)

time: Sat Jan 25 23:54:39 2020
timezone: India Standard Time
elapsed time: 311 seconds (0d 0h 5m 11s)

